2023-02-28 06:59:20,522 ERROR [errorlog] Assertion failed: 

assert actalResult+"1"==expectedResult
       |          |   | |
       |          |   | Employee already Exists
       |          |   false
       |          Employee already Exists1
       Employee already Exists

Assertion failed: 

assert actalResult+"1"==expectedResult
       |          |   | |
       |          |   | Employee already Exists
       |          |   false
       |          Employee already Exists1
       Employee already Exists

	at org.codehaus.groovy.runtime.InvokerHelper.assertFailed(InvokerHelper.java:420)
	at org.codehaus.groovy.runtime.ScriptBytecodeAdapter.assertFailed(ScriptBytecodeAdapter.java:663)
	at Script1.run(Script1.groovy:54)
	at com.eviware.soapui.support.scripting.groovy.SoapUIGroovyScriptEngine.run(SoapUIGroovyScriptEngine.java:90)
	at com.eviware.soapui.impl.wsdl.teststeps.WsdlGroovyScriptTestStep.run(WsdlGroovyScriptTestStep.java:141)
	at com.eviware.soapui.impl.wsdl.support.AbstractTestCaseRunner.runTestStep(AbstractTestCaseRunner.java:211)
	at com.eviware.soapui.impl.wsdl.testcase.WsdlTestCaseRunner.runCurrentTestStep(WsdlTestCaseRunner.java:47)
	at com.eviware.soapui.impl.wsdl.support.AbstractTestCaseRunner.internalRun(AbstractTestCaseRunner.java:138)
	at com.eviware.soapui.impl.wsdl.support.AbstractTestCaseRunner.internalRun(AbstractTestCaseRunner.java:46)
	at com.eviware.soapui.impl.wsdl.support.AbstractTestRunner.run(AbstractTestRunner.java:128)
	at com.eviware.soapui.impl.wsdl.support.AbstractTestRunner.start(AbstractTestRunner.java:76)
	at com.eviware.soapui.impl.wsdl.testcase.WsdlTestCase.run(WsdlTestCase.java:594)
	at soap.SoapDemo.main(SoapDemo.java:22)
